<?xml version="1.0" encoding="UTF-8"?>
<testng-results ignored="0" total="1" passed="1" failed="0" skipped="0">
  <reporter-output>
  </reporter-output>
  <suite started-at="2023-05-12T15:14:34 IST" name="Default suite" finished-at="2023-05-12T15:14:34 IST" duration-ms="98">
    <groups>
    </groups>
    <test started-at="2023-05-12T15:14:34 IST" name="Default test" finished-at="2023-05-12T15:14:34 IST" duration-ms="98">
      <class name="FirstAutomationFolder.Testng">
        <test-method signature="rest()[pri:0, instance:FirstAutomationFolder.Testng@3c73951]" started-at="2023-05-12T15:14:34 IST" name="rest" finished-at="2023-05-12T15:14:34 IST" duration-ms="14" status="PASS">
          <reporter-output>
          </reporter-output>
        </test-method> <!-- rest -->
      </class> <!-- FirstAutomationFolder.Testng -->
    </test> <!-- Default test -->
  </suite> <!-- Default suite -->
</testng-results>
